# JRE version: Java(TM) SE Runtime Environment (8.0_162-b12) (build 1.8.0_162-b12)
# Java VM: Java HotSpot(TM) 64-Bit Server VM (25.162-b12 mixed mode windows-amd64 compressed oops)
Heap:
 PSYoungGen      total 57344K, used 18761K [0x0000000780900000, 0x0000000784900000, 0x00000007c0000000)
  eden space 49152K, 38% used [0x0000000780900000,0x0000000781b525e8,0x0000000783900000)
  from space 8192K, 0% used [0x0000000784100000,0x0000000784100000,0x0000000784900000)
  to   space 8192K, 0% used [0x0000000783900000,0x0000000783900000,0x0000000784100000)
 ParOldGen       total 244736K, used 82419K [0x0000000701a00000, 0x0000000710900000, 0x0000000780900000)
  object space 244736K, 33% used [0x0000000701a00000,0x0000000706a7cda8,0x0000000710900000)
 Metaspace       used 11546K, capacity 11810K, committed 12160K, reserved 1060864K
  class space    used 1447K, capacity 1547K, committed 1664K, reserved 1048576K
GC Heap History (6 events):
Event: 0.375 GC heap before
{Heap before GC invocations=1 (full 0):
 PSYoungGen      total 57344K, used 49152K [0x0000000780900000, 0x0000000784900000, 0x00000007c0000000)
  eden space 49152K, 100% used [0x0000000780900000,0x0000000783900000,0x0000000783900000)
  from space 8192K, 0% used [0x0000000784100000,0x0000000784100000,0x0000000784900000)
  to   space 8192K, 0% used [0x0000000783900000,0x0000000783900000,0x0000000784100000)
 ParOldGen       total 131072K, used 50625K [0x0000000701a00000, 0x0000000709a00000, 0x0000000780900000)
  object space 131072K, 38% used [0x0000000701a00000,0x0000000704b70410,0x0000000709a00000)
 Metaspace       used 7620K, capacity 7802K, committed 8064K, reserved 1056768K
  class space    used 930K, capacity 1027K, committed 1152K, reserved 1048576K
Event: 0.377 GC heap after
Heap after GC invocations=1 (full 0):
 PSYoungGen      total 57344K, used 1584K [0x0000000780900000, 0x0000000784900000, 0x00000007c0000000)
  eden space 49152K, 0% used [0x0000000780900000,0x0000000780900000,0x0000000783900000)
  from space 8192K, 19% used [0x0000000783900000,0x0000000783a8c010,0x0000000784100000)
  to   space 8192K, 0% used [0x0000000784100000,0x0000000784100000,0x0000000784900000)
 ParOldGen       total 131072K, used 50633K [0x0000000701a00000, 0x0000000709a00000, 0x0000000780900000)
  object space 131072K, 38% used [0x0000000701a00000,0x0000000704b72410,0x0000000709a00000)
 Metaspace       used 7620K, capacity 7802K, committed 8064K, reserved 1056768K
  class space    used 930K, capacity 1027K, committed 1152K, reserved 1048576K
}
Event: 27.132 GC heap before
{Heap before GC invocations=2 (full 0):
 PSYoungGen      total 57344K, used 50312K [0x0000000780900000, 0x0000000784900000, 0x00000007c0000000)
  eden space 49152K, 99% used [0x0000000780900000,0x0000000783896258,0x0000000783900000)
  from space 8192K, 19% used [0x0000000783900000,0x0000000783a8c010,0x0000000784100000)
  to   space 8192K, 0% used [0x0000000784100000,0x0000000784100000,0x0000000784900000)
 ParOldGen       total 131072K, used 50633K [0x0000000701a00000, 0x0000000709a00000, 0x0000000780900000)
  object space 131072K, 38% used [0x0000000701a00000,0x0000000704b72410,0x0000000709a00000)
 Metaspace       used 11478K, capacity 11708K, committed 12032K, reserved 1060864K
  class space    used 1441K, capacity 1514K, committed 1536K, reserved 1048576K
Event: 27.154 GC heap after
Heap after GC invocations=2 (full 0):
 PSYoungGen      total 57344K, used 7915K [0x0000000780900000, 0x0000000784900000, 0x00000007c0000000)
  eden space 49152K, 0% used [0x0000000780900000,0x0000000780900000,0x0000000783900000)
  from space 8192K, 96% used [0x0000000784100000,0x00000007848bafd8,0x0000000784900000)
  to   space 8192K, 0% used [0x0000000783900000,0x0000000783900000,0x0000000784100000)
 ParOldGen       total 142336K, used 136009K [0x0000000701a00000, 0x000000070a500000, 0x0000000780900000)
  object space 142336K, 95% used [0x0000000701a00000,0x0000000709ed2738,0x000000070a500000)
 Metaspace       used 11478K, capacity 11708K, committed 12032K, reserved 1060864K
  class space    used 1441K, capacity 1514K, committed 1536K, reserved 1048576K
}
Event: 27.154 GC heap before
{Heap before GC invocations=3 (full 1):
 PSYoungGen      total 57344K, used 7915K [0x0000000780900000, 0x0000000784900000, 0x00000007c0000000)
  eden space 49152K, 0% used [0x0000000780900000,0x0000000780900000,0x0000000783900000)
  from space 8192K, 96% used [0x0000000784100000,0x00000007848bafd8,0x0000000784900000)
  to   space 8192K, 0% used [0x0000000783900000,0x0000000783900000,0x0000000784100000)
 ParOldGen       total 142336K, used 136009K [0x0000000701a00000, 0x000000070a500000, 0x0000000780900000)
  object space 142336K, 95% used [0x0000000701a00000,0x0000000709ed2738,0x000000070a500000)
 Metaspace       used 11478K, capacity 11708K, committed 12032K, reserved 1060864K
  class space    used 1441K, capacity 1514K, committed 1536K, reserved 1048576K
Event: 27.175 GC heap after
Heap after GC invocations=3 (full 1):
 PSYoungGen      total 57344K, used 0K [0x0000000780900000, 0x0000000784900000, 0x00000007c0000000)
  eden space 49152K, 0% used [0x0000000780900000,0x0000000780900000,0x0000000783900000)
  from space 8192K, 0% used [0x0000000784100000,0x0000000784100000,0x0000000784900000)
  to   space 8192K, 0% used [0x0000000783900000,0x0000000783900000,0x0000000784100000)
 ParOldGen       total 244736K, used 82419K [0x0000000701a00000, 0x0000000710900000, 0x0000000780900000)
  object space 244736K, 33% used [0x0000000701a00000,0x0000000706a7cda8,0x0000000710900000)
 Metaspace       used 11478K, capacity 11708K, committed 12032K, reserved 1060864K
  class space    used 1441K, capacity 1514K, committed 1536K, reserved 1048576K
}

